{"contracts\\core\\VelirionReferral.sol":{"l":{"103":26,"104":1,"106":25,"114":255,"115":255,"118":255,"128":255,"140":99,"141":98,"142":97,"143":96,"146":95,"149":95,"150":95,"160":95,"164":95,"165":95,"168":95,"170":95,"182":14,"184":13,"185":13,"187":12,"188":12,"190":12,"193":12,"194":12,"195":12,"198":12,"199":12,"201":12,"213":11,"215":11,"216":11,"218":5,"219":5,"221":5,"224":5,"225":5,"226":5,"229":5,"230":5,"232":5,"239":5,"240":5,"242":4,"243":4,"246":3,"247":3,"250":3,"252":3,"264":95,"265":95,"266":95,"267":95,"270":95,"271":0,"273":0,"275":4,"279":95,"280":4,"281":4,"298":129,"299":129,"300":129,"312":6,"314":4,"315":4,"316":4,"318":4,"326":2,"327":2,"328":2,"330":2,"337":1,"344":1,"357":9,"369":28,"370":16,"372":3,"374":2,"376":1,"378":6,"397":7,"398":7,"409":11,"420":2,"431":14,"442":3,"451":4,"452":3,"453":2,"454":1,"455":0,"466":4,"467":3,"468":2,"469":1,"480":1,"500":2},"path":"E:\\Charanos\\Documents\\Andishi Software LTD\\Docs\\Clients\\velirion-sc\\contracts\\core\\VelirionReferral.sol","s":{"1":26,"2":255,"3":99,"4":98,"5":97,"6":96,"7":95,"8":95,"9":95,"10":95,"11":14,"12":13,"13":13,"14":1,"15":12,"16":12,"17":12,"18":12,"19":11,"20":11,"21":11,"22":6,"23":5,"24":5,"25":5,"26":5,"27":5,"28":5,"29":4,"30":4,"31":3,"32":3,"33":95,"34":95,"35":95,"36":95,"37":95,"38":95,"39":95,"40":95,"41":4,"42":129,"43":129,"44":6,"45":4,"46":4,"47":4,"48":2,"49":2,"50":2,"51":2,"52":1,"53":1,"54":9,"55":28,"56":16,"57":12,"58":3,"59":9,"60":2,"61":7,"62":1,"63":6,"64":7,"65":7,"66":11,"67":2,"68":14,"69":3,"70":4,"71":1,"72":3,"73":1,"74":2,"75":1,"76":1,"77":1,"78":0,"79":4,"80":1,"81":3,"82":1,"83":2,"84":1,"85":1,"86":1,"87":2},"b":{"1":[1,25],"2":[255,0],"3":[99,1],"4":[1,98],"5":[1,97],"6":[1,96],"7":[1,95],"8":[95,0],"9":[14,1],"10":[14,0],"11":[1,13],"12":[1,12],"13":[11,0],"14":[11,0],"15":[0,11],"16":[6,5],"17":[5,0],"18":[5,0],"19":[1,4],"20":[1,3],"21":[0,95],"22":[0,95],"23":[4,91],"24":[4,91],"25":[129,0],"26":[129,0],"27":[6,0],"28":[2,4],"29":[1,1],"30":[2,0],"31":[2,0],"32":[2,0],"33":[1,0],"34":[1,0],"35":[16,12],"36":[3,9],"37":[2,7],"38":[1,6],"39":[1,3],"40":[1,2],"41":[1,1],"42":[1,0],"43":[1,3],"44":[1,2],"45":[1,1]},"f":{"1":26,"2":255,"3":99,"4":14,"5":11,"6":5,"7":95,"8":129,"9":6,"10":2,"11":1,"12":1,"13":9,"14":28,"15":7,"16":11,"17":2,"18":14,"19":3,"20":4,"21":4,"22":1,"23":2},"fnMap":{"1":{"name":"onlyAuthorized","line":102,"loc":{"start":{"line":102,"column":4},"end":{"line":107,"column":4}}},"2":{"name":"constructor","line":113,"loc":{"start":{"line":113,"column":4},"end":{"line":129,"column":4}}},"3":{"name":"register","line":139,"loc":{"start":{"line":139,"column":4},"end":{"line":171,"column":4}}},"4":{"name":"distributePurchaseBonus","line":181,"loc":{"start":{"line":178,"column":4},"end":{"line":202,"column":4}}},"5":{"name":"distributeStakingBonus","line":212,"loc":{"start":{"line":209,"column":4},"end":{"line":233,"column":4}}},"6":{"name":"claimRewards","line":238,"loc":{"start":{"line":238,"column":4},"end":{"line":253,"column":4}}},"7":{"name":"_checkAndUpgradeTier","line":263,"loc":{"start":{"line":263,"column":4},"end":{"line":283,"column":4}}},"8":{"name":"setAuthorizedContract","line":297,"loc":{"start":{"line":294,"column":4},"end":{"line":301,"column":4}}},"9":{"name":"manualTierUpgrade","line":311,"loc":{"start":{"line":308,"column":4},"end":{"line":319,"column":4}}},"10":{"name":"emergencyWithdraw","line":325,"loc":{"start":{"line":325,"column":4},"end":{"line":331,"column":4}}},"11":{"name":"pause","line":336,"loc":{"start":{"line":336,"column":4},"end":{"line":338,"column":4}}},"12":{"name":"unpause","line":343,"loc":{"start":{"line":343,"column":4},"end":{"line":345,"column":4}}},"13":{"name":"getReferrer","line":356,"loc":{"start":{"line":356,"column":4},"end":{"line":358,"column":4}}},"14":{"name":"getTierBonuses","line":366,"loc":{"start":{"line":366,"column":4},"end":{"line":380,"column":4}}},"15":{"name":"getReferrerInfo","line":389,"loc":{"start":{"line":389,"column":4},"end":{"line":399,"column":4}}},"16":{"name":"getReferrerData","line":406,"loc":{"start":{"line":406,"column":4},"end":{"line":410,"column":4}}},"17":{"name":"getReferralStats","line":417,"loc":{"start":{"line":417,"column":4},"end":{"line":421,"column":4}}},"18":{"name":"getPendingRewards","line":428,"loc":{"start":{"line":428,"column":4},"end":{"line":432,"column":4}}},"19":{"name":"isAuthorizedContract","line":439,"loc":{"start":{"line":439,"column":4},"end":{"line":443,"column":4}}},"20":{"name":"getTierName","line":450,"loc":{"start":{"line":450,"column":4},"end":{"line":456,"column":4}}},"21":{"name":"getNextTierThreshold","line":463,"loc":{"start":{"line":463,"column":4},"end":{"line":470,"column":4}}},"22":{"name":"getDirectReferrals","line":477,"loc":{"start":{"line":477,"column":4},"end":{"line":481,"column":4}}},"23":{"name":"getContractStats","line":490,"loc":{"start":{"line":490,"column":4},"end":{"line":506,"column":4}}}},"statementMap":{"1":{"start":{"line":103,"column":8},"end":{"line":103,"column":3667}},"2":{"start":{"line":114,"column":8},"end":{"line":114,"column":60}},"3":{"start":{"line":140,"column":8},"end":{"line":140,"column":60}},"4":{"start":{"line":141,"column":8},"end":{"line":141,"column":60}},"5":{"start":{"line":142,"column":8},"end":{"line":142,"column":74}},"6":{"start":{"line":143,"column":8},"end":{"line":143,"column":69}},"7":{"start":{"line":149,"column":8},"end":{"line":149,"column":5351}},"8":{"start":{"line":165,"column":8},"end":{"line":165,"column":63}},"9":{"start":{"line":168,"column":8},"end":{"line":168,"column":37}},"10":{"start":{"line":170,"column":8},"end":{"line":170,"column":53}},"11":{"start":{"line":182,"column":8},"end":{"line":182,"column":52}},"12":{"start":{"line":184,"column":8},"end":{"line":184,"column":44}},"13":{"start":{"line":185,"column":8},"end":{"line":185,"column":42}},"14":{"start":{"line":185,"column":36},"end":{"line":185,"column":42}},"15":{"start":{"line":187,"column":8},"end":{"line":187,"column":50}},"16":{"start":{"line":188,"column":8},"end":{"line":188,"column":61}},"17":{"start":{"line":190,"column":8},"end":{"line":190,"column":74}},"18":{"start":{"line":201,"column":8},"end":{"line":201,"column":67}},"19":{"start":{"line":213,"column":8},"end":{"line":213,"column":53}},"20":{"start":{"line":215,"column":8},"end":{"line":215,"column":45}},"21":{"start":{"line":216,"column":8},"end":{"line":216,"column":42}},"22":{"start":{"line":216,"column":36},"end":{"line":216,"column":42}},"23":{"start":{"line":218,"column":8},"end":{"line":218,"column":50}},"24":{"start":{"line":219,"column":8},"end":{"line":219,"column":60}},"25":{"start":{"line":221,"column":8},"end":{"line":221,"column":74}},"26":{"start":{"line":232,"column":8},"end":{"line":232,"column":67}},"27":{"start":{"line":239,"column":8},"end":{"line":239,"column":51}},"28":{"start":{"line":240,"column":8},"end":{"line":240,"column":50}},"29":{"start":{"line":242,"column":8},"end":{"line":242,"column":67}},"30":{"start":{"line":243,"column":8},"end":{"line":243,"column":74}},"31":{"start":{"line":250,"column":8},"end":{"line":250,"column":48}},"32":{"start":{"line":252,"column":8},"end":{"line":252,"column":47}},"33":{"start":{"line":264,"column":8},"end":{"line":264,"column":46}},"34":{"start":{"line":265,"column":8},"end":{"line":265,"column":51}},"35":{"start":{"line":266,"column":8},"end":{"line":266,"column":39}},"36":{"start":{"line":267,"column":8},"end":{"line":267,"column":37}},"37":{"start":{"line":270,"column":8},"end":{"line":270,"column":9410}},"38":{"start":{"line":272,"column":15},"end":{"line":272,"column":9518}},"39":{"start":{"line":274,"column":15},"end":{"line":274,"column":9628}},"40":{"start":{"line":279,"column":8},"end":{"line":279,"column":9777}},"41":{"start":{"line":281,"column":12},"end":{"line":281,"column":57}},"42":{"start":{"line":298,"column":8},"end":{"line":298,"column":64}},"43":{"start":{"line":300,"column":8},"end":{"line":300,"column":63}},"44":{"start":{"line":312,"column":8},"end":{"line":312,"column":68}},"45":{"start":{"line":314,"column":8},"end":{"line":314,"column":46}},"46":{"start":{"line":315,"column":8},"end":{"line":315,"column":35}},"47":{"start":{"line":318,"column":8},"end":{"line":318,"column":49}},"48":{"start":{"line":326,"column":8},"end":{"line":326,"column":44}},"49":{"start":{"line":327,"column":8},"end":{"line":327,"column":67}},"50":{"start":{"line":328,"column":8},"end":{"line":328,"column":65}},"51":{"start":{"line":330,"column":8},"end":{"line":330,"column":45}},"52":{"start":{"line":337,"column":8},"end":{"line":337,"column":15}},"53":{"start":{"line":344,"column":8},"end":{"line":344,"column":17}},"54":{"start":{"line":357,"column":8},"end":{"line":357,"column":31}},"55":{"start":{"line":369,"column":8},"end":{"line":369,"column":12536}},"56":{"start":{"line":370,"column":12},"end":{"line":370,"column":64}},"57":{"start":{"line":371,"column":15},"end":{"line":371,"column":12634}},"58":{"start":{"line":372,"column":12},"end":{"line":372,"column":64}},"59":{"start":{"line":373,"column":15},"end":{"line":373,"column":12732}},"60":{"start":{"line":374,"column":12},"end":{"line":374,"column":64}},"61":{"start":{"line":375,"column":15},"end":{"line":375,"column":12830}},"62":{"start":{"line":376,"column":12},"end":{"line":376,"column":64}},"63":{"start":{"line":378,"column":12},"end":{"line":378,"column":25}},"64":{"start":{"line":397,"column":8},"end":{"line":397,"column":45}},"65":{"start":{"line":398,"column":8},"end":{"line":398,"column":64}},"66":{"start":{"line":409,"column":8},"end":{"line":409,"column":30}},"67":{"start":{"line":420,"column":8},"end":{"line":420,"column":34}},"68":{"start":{"line":431,"column":8},"end":{"line":431,"column":35}},"69":{"start":{"line":442,"column":8},"end":{"line":442,"column":51}},"70":{"start":{"line":451,"column":8},"end":{"line":451,"column":39}},"71":{"start":{"line":451,"column":23},"end":{"line":451,"column":39}},"72":{"start":{"line":452,"column":8},"end":{"line":452,"column":38}},"73":{"start":{"line":452,"column":23},"end":{"line":452,"column":38}},"74":{"start":{"line":453,"column":8},"end":{"line":453,"column":38}},"75":{"start":{"line":453,"column":23},"end":{"line":453,"column":38}},"76":{"start":{"line":454,"column":8},"end":{"line":454,"column":36}},"77":{"start":{"line":454,"column":23},"end":{"line":454,"column":36}},"78":{"start":{"line":455,"column":8},"end":{"line":455,"column":24}},"79":{"start":{"line":466,"column":8},"end":{"line":466,"column":53}},"80":{"start":{"line":466,"column":30},"end":{"line":466,"column":53}},"81":{"start":{"line":467,"column":8},"end":{"line":467,"column":53}},"82":{"start":{"line":467,"column":30},"end":{"line":467,"column":53}},"83":{"start":{"line":468,"column":8},"end":{"line":468,"column":53}},"84":{"start":{"line":468,"column":30},"end":{"line":468,"column":53}},"85":{"start":{"line":469,"column":8},"end":{"line":469,"column":16}},"86":{"start":{"line":480,"column":8},"end":{"line":480,"column":50}},"87":{"start":{"line":500,"column":8},"end":{"line":500,"column":16470}}},"branchMap":{"1":{"line":103,"type":"if","locations":[{"start":{"line":103,"column":8},"end":{"line":103,"column":8}},{"start":{"line":103,"column":8},"end":{"line":103,"column":8}}]},"2":{"line":114,"type":"if","locations":[{"start":{"line":114,"column":8},"end":{"line":114,"column":8}},{"start":{"line":114,"column":8},"end":{"line":114,"column":8}}]},"3":{"line":139,"type":"if","locations":[{"start":{"line":139,"column":58},"end":{"line":139,"column":58}},{"start":{"line":139,"column":58},"end":{"line":139,"column":58}}]},"4":{"line":140,"type":"if","locations":[{"start":{"line":140,"column":8},"end":{"line":140,"column":8}},{"start":{"line":140,"column":8},"end":{"line":140,"column":8}}]},"5":{"line":141,"type":"if","locations":[{"start":{"line":141,"column":8},"end":{"line":141,"column":8}},{"start":{"line":141,"column":8},"end":{"line":141,"column":8}}]},"6":{"line":142,"type":"if","locations":[{"start":{"line":142,"column":8},"end":{"line":142,"column":8}},{"start":{"line":142,"column":8},"end":{"line":142,"column":8}}]},"7":{"line":143,"type":"if","locations":[{"start":{"line":143,"column":8},"end":{"line":143,"column":8}},{"start":{"line":143,"column":8},"end":{"line":143,"column":8}}]},"8":{"line":149,"type":"if","locations":[{"start":{"line":149,"column":8},"end":{"line":149,"column":8}},{"start":{"line":149,"column":8},"end":{"line":149,"column":8}}]},"9":{"line":181,"type":"if","locations":[{"start":{"line":181,"column":24},"end":{"line":181,"column":24}},{"start":{"line":181,"column":24},"end":{"line":181,"column":24}}]},"10":{"line":181,"type":"if","locations":[{"start":{"line":181,"column":39},"end":{"line":181,"column":39}},{"start":{"line":181,"column":39},"end":{"line":181,"column":39}}]},"11":{"line":182,"type":"if","locations":[{"start":{"line":182,"column":8},"end":{"line":182,"column":8}},{"start":{"line":182,"column":8},"end":{"line":182,"column":8}}]},"12":{"line":185,"type":"if","locations":[{"start":{"line":185,"column":8},"end":{"line":185,"column":8}},{"start":{"line":185,"column":8},"end":{"line":185,"column":8}}]},"13":{"line":212,"type":"if","locations":[{"start":{"line":212,"column":24},"end":{"line":212,"column":24}},{"start":{"line":212,"column":24},"end":{"line":212,"column":24}}]},"14":{"line":212,"type":"if","locations":[{"start":{"line":212,"column":39},"end":{"line":212,"column":39}},{"start":{"line":212,"column":39},"end":{"line":212,"column":39}}]},"15":{"line":213,"type":"if","locations":[{"start":{"line":213,"column":8},"end":{"line":213,"column":8}},{"start":{"line":213,"column":8},"end":{"line":213,"column":8}}]},"16":{"line":216,"type":"if","locations":[{"start":{"line":216,"column":8},"end":{"line":216,"column":8}},{"start":{"line":216,"column":8},"end":{"line":216,"column":8}}]},"17":{"line":238,"type":"if","locations":[{"start":{"line":238,"column":46},"end":{"line":238,"column":46}},{"start":{"line":238,"column":46},"end":{"line":238,"column":46}}]},"18":{"line":238,"type":"if","locations":[{"start":{"line":238,"column":59},"end":{"line":238,"column":59}},{"start":{"line":238,"column":59},"end":{"line":238,"column":59}}]},"19":{"line":240,"type":"if","locations":[{"start":{"line":240,"column":8},"end":{"line":240,"column":8}},{"start":{"line":240,"column":8},"end":{"line":240,"column":8}}]},"20":{"line":243,"type":"if","locations":[{"start":{"line":243,"column":8},"end":{"line":243,"column":8}},{"start":{"line":243,"column":8},"end":{"line":243,"column":8}}]},"21":{"line":270,"type":"if","locations":[{"start":{"line":270,"column":8},"end":{"line":270,"column":8}},{"start":{"line":270,"column":8},"end":{"line":270,"column":8}}]},"22":{"line":272,"type":"if","locations":[{"start":{"line":272,"column":15},"end":{"line":272,"column":15}},{"start":{"line":272,"column":15},"end":{"line":272,"column":15}}]},"23":{"line":274,"type":"if","locations":[{"start":{"line":274,"column":15},"end":{"line":274,"column":15}},{"start":{"line":274,"column":15},"end":{"line":274,"column":15}}]},"24":{"line":279,"type":"if","locations":[{"start":{"line":279,"column":8},"end":{"line":279,"column":8}},{"start":{"line":279,"column":8},"end":{"line":279,"column":8}}]},"25":{"line":297,"type":"if","locations":[{"start":{"line":297,"column":15},"end":{"line":297,"column":15}},{"start":{"line":297,"column":15},"end":{"line":297,"column":15}}]},"26":{"line":298,"type":"if","locations":[{"start":{"line":298,"column":8},"end":{"line":298,"column":8}},{"start":{"line":298,"column":8},"end":{"line":298,"column":8}}]},"27":{"line":311,"type":"if","locations":[{"start":{"line":311,"column":15},"end":{"line":311,"column":15}},{"start":{"line":311,"column":15},"end":{"line":311,"column":15}}]},"28":{"line":312,"type":"if","locations":[{"start":{"line":312,"column":8},"end":{"line":312,"column":8}},{"start":{"line":312,"column":8},"end":{"line":312,"column":8}}]},"29":{"line":312,"type":"cond-expr","locations":[{"start":{"line":312,"column":12},"end":{"line":312,"column":23}},{"start":{"line":312,"column":28},"end":{"line":312,"column":45}}]},"30":{"line":325,"type":"if","locations":[{"start":{"line":325,"column":56},"end":{"line":325,"column":56}},{"start":{"line":325,"column":56},"end":{"line":325,"column":56}}]},"31":{"line":326,"type":"if","locations":[{"start":{"line":326,"column":8},"end":{"line":326,"column":8}},{"start":{"line":326,"column":8},"end":{"line":326,"column":8}}]},"32":{"line":328,"type":"if","locations":[{"start":{"line":328,"column":8},"end":{"line":328,"column":8}},{"start":{"line":328,"column":8},"end":{"line":328,"column":8}}]},"33":{"line":336,"type":"if","locations":[{"start":{"line":336,"column":30},"end":{"line":336,"column":30}},{"start":{"line":336,"column":30},"end":{"line":336,"column":30}}]},"34":{"line":343,"type":"if","locations":[{"start":{"line":343,"column":32},"end":{"line":343,"column":32}},{"start":{"line":343,"column":32},"end":{"line":343,"column":32}}]},"35":{"line":369,"type":"if","locations":[{"start":{"line":369,"column":8},"end":{"line":369,"column":8}},{"start":{"line":369,"column":8},"end":{"line":369,"column":8}}]},"36":{"line":371,"type":"if","locations":[{"start":{"line":371,"column":15},"end":{"line":371,"column":15}},{"start":{"line":371,"column":15},"end":{"line":371,"column":15}}]},"37":{"line":373,"type":"if","locations":[{"start":{"line":373,"column":15},"end":{"line":373,"column":15}},{"start":{"line":373,"column":15},"end":{"line":373,"column":15}}]},"38":{"line":375,"type":"if","locations":[{"start":{"line":375,"column":15},"end":{"line":375,"column":15}},{"start":{"line":375,"column":15},"end":{"line":375,"column":15}}]},"39":{"line":451,"type":"if","locations":[{"start":{"line":451,"column":8},"end":{"line":451,"column":8}},{"start":{"line":451,"column":8},"end":{"line":451,"column":8}}]},"40":{"line":452,"type":"if","locations":[{"start":{"line":452,"column":8},"end":{"line":452,"column":8}},{"start":{"line":452,"column":8},"end":{"line":452,"column":8}}]},"41":{"line":453,"type":"if","locations":[{"start":{"line":453,"column":8},"end":{"line":453,"column":8}},{"start":{"line":453,"column":8},"end":{"line":453,"column":8}}]},"42":{"line":454,"type":"if","locations":[{"start":{"line":454,"column":8},"end":{"line":454,"column":8}},{"start":{"line":454,"column":8},"end":{"line":454,"column":8}}]},"43":{"line":466,"type":"if","locations":[{"start":{"line":466,"column":8},"end":{"line":466,"column":8}},{"start":{"line":466,"column":8},"end":{"line":466,"column":8}}]},"44":{"line":467,"type":"if","locations":[{"start":{"line":467,"column":8},"end":{"line":467,"column":8}},{"start":{"line":467,"column":8},"end":{"line":467,"column":8}}]},"45":{"line":468,"type":"if","locations":[{"start":{"line":468,"column":8},"end":{"line":468,"column":8}},{"start":{"line":468,"column":8},"end":{"line":468,"column":8}}]}}},"contracts\\core\\VelirionStaking.sol":{"l":{"132":129,"133":129,"151":37,"152":37,"155":37,"156":37,"159":35,"160":35,"161":35,"162":2,"166":33,"169":33,"170":33,"173":33,"185":33,"188":33,"189":33,"190":33,"191":33,"194":33,"195":33,"196":31,"197":31,"201":33,"203":33,"211":5,"213":5,"214":4,"216":3,"217":3,"218":3,"221":3,"222":3,"223":3,"227":3,"230":3,"231":3,"232":3,"233":3,"236":3,"239":3,"243":3,"251":4,"253":4,"254":4,"256":4,"257":4,"259":4,"267":6,"269":6,"270":6,"271":6,"272":5,"275":4,"276":4,"278":3,"279":3,"281":3,"282":3,"283":3,"284":3,"286":3,"302":7,"303":7,"305":7,"308":7,"311":7,"312":7,"315":7,"316":7,"317":7,"319":7,"322":7,"323":7,"331":7,"333":7,"344":33,"345":18,"348":15,"350":5,"351":2,"353":1,"354":1,"355":1,"357":1,"360":10,"361":6,"364":4,"365":4,"368":0,"377":12,"379":12,"382":12,"385":12,"395":7,"396":2,"399":5,"402":5,"403":1,"407":4,"408":4,"409":2,"411":1,"413":1,"416":4,"427":36,"428":10,"430":26,"444":5,"445":5,"454":1,"477":8,"478":8,"495":1,"504":41,"505":21,"506":13,"507":6,"508":0,"517":39,"518":20,"519":12,"520":5,"521":0,"530":35,"531":17,"532":10,"533":4,"534":0,"544":4,"545":4,"554":2,"564":1,"566":1,"567":1,"569":1,"570":1,"577":0,"594":1,"613":43,"614":43,"615":43,"623":2,"624":2,"625":2,"626":2,"628":1,"635":1,"642":1},"path":"E:\\Charanos\\Documents\\Andishi Software LTD\\Docs\\Clients\\velirion-sc\\contracts\\core\\VelirionStaking.sol","s":{"1":129,"2":37,"3":37,"4":37,"5":37,"6":35,"7":35,"8":35,"9":33,"10":33,"11":33,"12":33,"13":33,"14":33,"15":33,"16":5,"17":5,"18":4,"19":3,"20":3,"21":3,"22":3,"23":3,"24":3,"25":3,"26":3,"27":3,"28":4,"29":4,"30":4,"31":4,"32":4,"33":4,"34":6,"35":6,"36":6,"37":6,"38":5,"39":4,"40":4,"41":3,"42":3,"43":3,"44":7,"45":7,"46":7,"47":7,"48":7,"49":7,"50":7,"51":7,"52":7,"53":7,"54":33,"55":18,"56":15,"57":5,"58":3,"59":2,"60":1,"61":1,"62":1,"63":1,"64":1,"65":10,"66":6,"67":4,"68":4,"69":12,"70":0,"71":12,"72":12,"73":12,"74":7,"75":2,"76":5,"77":5,"78":1,"79":4,"80":4,"81":2,"82":1,"83":4,"84":36,"85":10,"86":26,"87":5,"88":5,"89":1,"90":8,"91":8,"92":1,"93":41,"94":20,"95":21,"96":8,"97":13,"98":7,"99":6,"100":6,"101":39,"102":19,"103":20,"104":8,"105":12,"106":7,"107":5,"108":5,"109":35,"110":18,"111":17,"112":7,"113":10,"114":6,"115":4,"116":4,"117":4,"118":4,"119":2,"120":1,"121":1,"122":0,"123":1,"124":0,"125":1,"126":1,"127":0,"128":1,"129":43,"130":43,"131":2,"132":2,"133":2,"134":2,"135":1,"136":1,"137":1},"b":{"1":[129,0],"2":[38,0],"3":[37,1],"4":[0,37],"5":[0,37],"6":[2,35],"7":[2,33],"8":[1,1],"9":[31,2],"10":[5,0],"11":[5,0],"12":[1,4],"13":[1,3],"14":[3,0],"15":[4,0],"16":[4,0],"17":[0,4],"18":[0,4],"19":[0,4],"20":[6,0],"21":[6,0],"22":[0,6],"23":[0,6],"24":[1,5],"25":[1,4],"26":[1,3],"27":[0,7],"28":[7,0],"29":[18,15],"30":[5,10],"31":[3,2],"32":[1,1],"33":[6,4],"34":[0,6],"35":[4,0],"36":[0,4],"37":[0,12],"38":[2,5],"39":[1,4],"40":[2,2],"41":[1,1],"42":[1,0],"43":[10,26],"44":[6,4],"45":[20,21],"46":[8,13],"47":[7,6],"48":[6,0],"49":[19,20],"50":[8,12],"51":[7,5],"52":[5,0],"53":[18,17],"54":[7,10],"55":[6,4],"56":[4,0],"57":[0,1],"58":[0,1],"59":[43,0],"60":[43,0],"61":[2,0],"62":[2,0],"63":[1,1],"64":[1,0],"65":[1,0]},"f":{"1":129,"2":37,"3":5,"4":4,"5":6,"6":7,"7":33,"8":12,"9":7,"10":36,"11":5,"12":1,"13":8,"14":1,"15":41,"16":39,"17":35,"18":4,"19":2,"20":1,"21":0,"22":1,"23":43,"24":2,"25":1,"26":1},"fnMap":{"1":{"name":"constructor","line":131,"loc":{"start":{"line":131,"column":4},"end":{"line":134,"column":4}}},"2":{"name":"stake","line":150,"loc":{"start":{"line":146,"column":4},"end":{"line":204,"column":4}}},"3":{"name":"unstake","line":210,"loc":{"start":{"line":210,"column":4},"end":{"line":244,"column":4}}},"4":{"name":"claimRewards","line":250,"loc":{"start":{"line":250,"column":4},"end":{"line":260,"column":4}}},"5":{"name":"renewStake","line":266,"loc":{"start":{"line":266,"column":4},"end":{"line":287,"column":4}}},"6":{"name":"_claimRewardsInternal","line":296,"loc":{"start":{"line":296,"column":4},"end":{"line":334,"column":4}}},"7":{"name":"_calculateAPR","line":339,"loc":{"start":{"line":339,"column":4},"end":{"line":369,"column":4}}},"8":{"name":"_calculateRewardsInternal","line":374,"loc":{"start":{"line":374,"column":4},"end":{"line":386,"column":4}}},"9":{"name":"_calculatePenaltyInternal","line":391,"loc":{"start":{"line":391,"column":4},"end":{"line":417,"column":4}}},"10":{"name":"_calculateStakingPower","line":422,"loc":{"start":{"line":422,"column":4},"end":{"line":431,"column":4}}},"11":{"name":"calculateRewards","line":440,"loc":{"start":{"line":440,"column":4},"end":{"line":446,"column":4}}},"12":{"name":"getUserStakes","line":451,"loc":{"start":{"line":451,"column":4},"end":{"line":455,"column":4}}},"13":{"name":"getStakeInfo","line":460,"loc":{"start":{"line":460,"column":4},"end":{"line":487,"column":4}}},"14":{"name":"getUserStakingInfo","line":492,"loc":{"start":{"line":492,"column":4},"end":{"line":496,"column":4}}},"15":{"name":"getMinimumStake","line":501,"loc":{"start":{"line":501,"column":4},"end":{"line":509,"column":4}}},"16":{"name":"getMinimumLock","line":514,"loc":{"start":{"line":514,"column":4},"end":{"line":522,"column":4}}},"17":{"name":"getMaximumLock","line":527,"loc":{"start":{"line":527,"column":4},"end":{"line":535,"column":4}}},"18":{"name":"calculatePenalty","line":540,"loc":{"start":{"line":540,"column":4},"end":{"line":546,"column":4}}},"19":{"name":"getVotingPower","line":551,"loc":{"start":{"line":551,"column":4},"end":{"line":555,"column":4}}},"20":{"name":"canUnstakeWithoutPenalty","line":560,"loc":{"start":{"line":560,"column":4},"end":{"line":571,"column":4}}},"21":{"name":"getTotalStaked","line":576,"loc":{"start":{"line":576,"column":4},"end":{"line":578,"column":4}}},"22":{"name":"getContractStats","line":583,"loc":{"start":{"line":583,"column":4},"end":{"line":600,"column":4}}},"23":{"name":"setReferralContract","line":612,"loc":{"start":{"line":610,"column":4},"end":{"line":616,"column":4}}},"24":{"name":"emergencyWithdraw","line":622,"loc":{"start":{"line":622,"column":4},"end":{"line":629,"column":4}}},"25":{"name":"pause","line":634,"loc":{"start":{"line":634,"column":4},"end":{"line":636,"column":4}}},"26":{"name":"unpause","line":641,"loc":{"start":{"line":641,"column":4},"end":{"line":643,"column":4}}}},"statementMap":{"1":{"start":{"line":132,"column":8},"end":{"line":132,"column":60}},"2":{"start":{"line":151,"column":8},"end":{"line":151,"column":47}},"3":{"start":{"line":152,"column":8},"end":{"line":152,"column":49}},"4":{"start":{"line":155,"column":8},"end":{"line":155,"column":48}},"5":{"start":{"line":156,"column":8},"end":{"line":156,"column":57}},"6":{"start":{"line":159,"column":8},"end":{"line":159,"column":46}},"7":{"start":{"line":160,"column":8},"end":{"line":160,"column":46}},"8":{"start":{"line":161,"column":8},"end":{"line":161,"column":6704}},"9":{"start":{"line":166,"column":8},"end":{"line":166,"column":61}},"10":{"start":{"line":169,"column":8},"end":{"line":169,"column":49}},"11":{"start":{"line":185,"column":8},"end":{"line":185,"column":45}},"12":{"start":{"line":188,"column":8},"end":{"line":188,"column":66}},"13":{"start":{"line":195,"column":8},"end":{"line":195,"column":7770}},"14":{"start":{"line":201,"column":8},"end":{"line":201,"column":67}},"15":{"start":{"line":203,"column":8},"end":{"line":203,"column":73}},"16":{"start":{"line":211,"column":8},"end":{"line":211,"column":61}},"17":{"start":{"line":213,"column":8},"end":{"line":213,"column":57}},"18":{"start":{"line":214,"column":8},"end":{"line":214,"column":54}},"19":{"start":{"line":216,"column":8},"end":{"line":216,"column":41}},"20":{"start":{"line":217,"column":8},"end":{"line":217,"column":62}},"21":{"start":{"line":218,"column":8},"end":{"line":218,"column":44}},"22":{"start":{"line":221,"column":8},"end":{"line":221,"column":62}},"23":{"start":{"line":222,"column":8},"end":{"line":222,"column":8750}},"24":{"start":{"line":223,"column":12},"end":{"line":223,"column":73}},"25":{"start":{"line":230,"column":8},"end":{"line":230,"column":66}},"26":{"start":{"line":239,"column":8},"end":{"line":239,"column":51}},"27":{"start":{"line":243,"column":8},"end":{"line":243,"column":70}},"28":{"start":{"line":251,"column":8},"end":{"line":251,"column":61}},"29":{"start":{"line":253,"column":8},"end":{"line":253,"column":57}},"30":{"start":{"line":254,"column":8},"end":{"line":254,"column":54}},"31":{"start":{"line":256,"column":8},"end":{"line":256,"column":62}},"32":{"start":{"line":257,"column":8},"end":{"line":257,"column":51}},"33":{"start":{"line":259,"column":8},"end":{"line":259,"column":69}},"34":{"start":{"line":267,"column":8},"end":{"line":267,"column":61}},"35":{"start":{"line":269,"column":8},"end":{"line":269,"column":57}},"36":{"start":{"line":270,"column":8},"end":{"line":270,"column":54}},"37":{"start":{"line":271,"column":8},"end":{"line":271,"column":80}},"38":{"start":{"line":272,"column":8},"end":{"line":272,"column":54}},"39":{"start":{"line":275,"column":8},"end":{"line":275,"column":73}},"40":{"start":{"line":276,"column":8},"end":{"line":276,"column":75}},"41":{"start":{"line":278,"column":8},"end":{"line":278,"column":37}},"42":{"start":{"line":279,"column":8},"end":{"line":279,"column":46}},"43":{"start":{"line":286,"column":8},"end":{"line":286,"column":62}},"44":{"start":{"line":302,"column":8},"end":{"line":302,"column":67}},"45":{"start":{"line":303,"column":8},"end":{"line":303,"column":64}},"46":{"start":{"line":305,"column":8},"end":{"line":305,"column":76}},"47":{"start":{"line":315,"column":8},"end":{"line":315,"column":33}},"48":{"start":{"line":316,"column":8},"end":{"line":316,"column":12140}},"49":{"start":{"line":317,"column":12},"end":{"line":317,"column":12203}},"50":{"start":{"line":319,"column":16},"end":{"line":319,"column":12356}},"51":{"start":{"line":322,"column":20},"end":{"line":322,"column":88}},"52":{"start":{"line":331,"column":8},"end":{"line":331,"column":43}},"53":{"start":{"line":333,"column":8},"end":{"line":333,"column":66}},"54":{"start":{"line":344,"column":8},"end":{"line":344,"column":13204}},"55":{"start":{"line":345,"column":12},"end":{"line":345,"column":31}},"56":{"start":{"line":348,"column":8},"end":{"line":348,"column":13306}},"57":{"start":{"line":350,"column":12},"end":{"line":350,"column":70}},"58":{"start":{"line":350,"column":49},"end":{"line":350,"column":70}},"59":{"start":{"line":351,"column":12},"end":{"line":351,"column":70}},"60":{"start":{"line":351,"column":49},"end":{"line":351,"column":70}},"61":{"start":{"line":353,"column":12},"end":{"line":353,"column":61}},"62":{"start":{"line":354,"column":12},"end":{"line":354,"column":61}},"63":{"start":{"line":355,"column":12},"end":{"line":355,"column":62}},"64":{"start":{"line":357,"column":12},"end":{"line":357,"column":73}},"65":{"start":{"line":360,"column":8},"end":{"line":360,"column":13858}},"66":{"start":{"line":361,"column":12},"end":{"line":361,"column":56}},"67":{"start":{"line":364,"column":8},"end":{"line":364,"column":13989}},"68":{"start":{"line":365,"column":12},"end":{"line":365,"column":58}},"69":{"start":{"line":377,"column":8},"end":{"line":377,"column":39}},"70":{"start":{"line":377,"column":31},"end":{"line":377,"column":39}},"71":{"start":{"line":379,"column":8},"end":{"line":379,"column":75}},"72":{"start":{"line":382,"column":8},"end":{"line":382,"column":14599}},"73":{"start":{"line":385,"column":8},"end":{"line":385,"column":22}},"74":{"start":{"line":395,"column":8},"end":{"line":395,"column":14946}},"75":{"start":{"line":396,"column":12},"end":{"line":396,"column":20}},"76":{"start":{"line":399,"column":8},"end":{"line":399,"column":73}},"77":{"start":{"line":402,"column":8},"end":{"line":402,"column":15172}},"78":{"start":{"line":403,"column":12},"end":{"line":403,"column":20}},"79":{"start":{"line":407,"column":8},"end":{"line":407,"column":26}},"80":{"start":{"line":408,"column":8},"end":{"line":408,"column":15329}},"81":{"start":{"line":410,"column":15},"end":{"line":410,"column":15436}},"82":{"start":{"line":412,"column":15},"end":{"line":412,"column":15539}},"83":{"start":{"line":416,"column":8},"end":{"line":416,"column":62}},"84":{"start":{"line":427,"column":8},"end":{"line":427,"column":15996}},"85":{"start":{"line":428,"column":12},"end":{"line":428,"column":29}},"86":{"start":{"line":430,"column":8},"end":{"line":430,"column":21}},"87":{"start":{"line":444,"column":8},"end":{"line":444,"column":54}},"88":{"start":{"line":445,"column":8},"end":{"line":445,"column":51}},"89":{"start":{"line":454,"column":8},"end":{"line":454,"column":33}},"90":{"start":{"line":477,"column":8},"end":{"line":477,"column":54}},"91":{"start":{"line":478,"column":8},"end":{"line":478,"column":17331}},"92":{"start":{"line":495,"column":8},"end":{"line":495,"column":36}},"93":{"start":{"line":504,"column":8},"end":{"line":504,"column":67}},"94":{"start":{"line":504,"column":42},"end":{"line":504,"column":67}},"95":{"start":{"line":505,"column":8},"end":{"line":505,"column":63}},"96":{"start":{"line":505,"column":40},"end":{"line":505,"column":63}},"97":{"start":{"line":506,"column":8},"end":{"line":506,"column":59}},"98":{"start":{"line":506,"column":38},"end":{"line":506,"column":59}},"99":{"start":{"line":507,"column":8},"end":{"line":507,"column":61}},"100":{"start":{"line":507,"column":39},"end":{"line":507,"column":61}},"101":{"start":{"line":517,"column":8},"end":{"line":517,"column":62}},"102":{"start":{"line":517,"column":42},"end":{"line":517,"column":62}},"103":{"start":{"line":518,"column":8},"end":{"line":518,"column":62}},"104":{"start":{"line":518,"column":40},"end":{"line":518,"column":62}},"105":{"start":{"line":519,"column":8},"end":{"line":519,"column":54}},"106":{"start":{"line":519,"column":38},"end":{"line":519,"column":54}},"107":{"start":{"line":520,"column":8},"end":{"line":520,"column":56}},"108":{"start":{"line":520,"column":39},"end":{"line":520,"column":56}},"109":{"start":{"line":530,"column":8},"end":{"line":530,"column":62}},"110":{"start":{"line":530,"column":42},"end":{"line":530,"column":62}},"111":{"start":{"line":531,"column":8},"end":{"line":531,"column":62}},"112":{"start":{"line":531,"column":40},"end":{"line":531,"column":62}},"113":{"start":{"line":532,"column":8},"end":{"line":532,"column":54}},"114":{"start":{"line":532,"column":38},"end":{"line":532,"column":54}},"115":{"start":{"line":533,"column":8},"end":{"line":533,"column":56}},"116":{"start":{"line":533,"column":39},"end":{"line":533,"column":56}},"117":{"start":{"line":544,"column":8},"end":{"line":544,"column":54}},"118":{"start":{"line":545,"column":8},"end":{"line":545,"column":51}},"119":{"start":{"line":554,"column":8},"end":{"line":554,"column":49}},"120":{"start":{"line":564,"column":8},"end":{"line":564,"column":54}},"121":{"start":{"line":566,"column":8},"end":{"line":566,"column":43}},"122":{"start":{"line":566,"column":31},"end":{"line":566,"column":43}},"123":{"start":{"line":567,"column":8},"end":{"line":567,"column":63}},"124":{"start":{"line":567,"column":52},"end":{"line":567,"column":63}},"125":{"start":{"line":569,"column":8},"end":{"line":569,"column":73}},"126":{"start":{"line":570,"column":8},"end":{"line":570,"column":44}},"127":{"start":{"line":577,"column":8},"end":{"line":577,"column":26}},"128":{"start":{"line":594,"column":8},"end":{"line":594,"column":20740}},"129":{"start":{"line":613,"column":8},"end":{"line":613,"column":66}},"130":{"start":{"line":615,"column":8},"end":{"line":615,"column":55}},"131":{"start":{"line":623,"column":8},"end":{"line":623,"column":44}},"132":{"start":{"line":624,"column":8},"end":{"line":624,"column":67}},"133":{"start":{"line":625,"column":8},"end":{"line":625,"column":64}},"134":{"start":{"line":626,"column":8},"end":{"line":626,"column":76}},"135":{"start":{"line":628,"column":8},"end":{"line":628,"column":45}},"136":{"start":{"line":635,"column":8},"end":{"line":635,"column":15}},"137":{"start":{"line":642,"column":8},"end":{"line":642,"column":17}}},"branchMap":{"1":{"line":132,"type":"if","locations":[{"start":{"line":132,"column":8},"end":{"line":132,"column":8}},{"start":{"line":132,"column":8},"end":{"line":132,"column":8}}]},"2":{"line":150,"type":"if","locations":[{"start":{"line":150,"column":24},"end":{"line":150,"column":24}},{"start":{"line":150,"column":24},"end":{"line":150,"column":24}}]},"3":{"line":150,"type":"if","locations":[{"start":{"line":150,"column":37},"end":{"line":150,"column":37}},{"start":{"line":150,"column":37},"end":{"line":150,"column":37}}]},"4":{"line":151,"type":"if","locations":[{"start":{"line":151,"column":8},"end":{"line":151,"column":8}},{"start":{"line":151,"column":8},"end":{"line":151,"column":8}}]},"5":{"line":152,"type":"if","locations":[{"start":{"line":152,"column":8},"end":{"line":152,"column":8}},{"start":{"line":152,"column":8},"end":{"line":152,"column":8}}]},"6":{"line":156,"type":"if","locations":[{"start":{"line":156,"column":8},"end":{"line":156,"column":8}},{"start":{"line":156,"column":8},"end":{"line":156,"column":8}}]},"7":{"line":161,"type":"if","locations":[{"start":{"line":161,"column":8},"end":{"line":161,"column":8}},{"start":{"line":161,"column":8},"end":{"line":161,"column":8}}]},"8":{"line":161,"type":"cond-expr","locations":[{"start":{"line":161,"column":12},"end":{"line":161,"column":33}},{"start":{"line":161,"column":38},"end":{"line":161,"column":59}}]},"9":{"line":195,"type":"if","locations":[{"start":{"line":195,"column":8},"end":{"line":195,"column":8}},{"start":{"line":195,"column":8},"end":{"line":195,"column":8}}]},"10":{"line":210,"type":"if","locations":[{"start":{"line":210,"column":56},"end":{"line":210,"column":56}},{"start":{"line":210,"column":56},"end":{"line":210,"column":56}}]},"11":{"line":210,"type":"if","locations":[{"start":{"line":210,"column":69},"end":{"line":210,"column":69}},{"start":{"line":210,"column":69},"end":{"line":210,"column":69}}]},"12":{"line":213,"type":"if","locations":[{"start":{"line":213,"column":8},"end":{"line":213,"column":8}},{"start":{"line":213,"column":8},"end":{"line":213,"column":8}}]},"13":{"line":214,"type":"if","locations":[{"start":{"line":214,"column":8},"end":{"line":214,"column":8}},{"start":{"line":214,"column":8},"end":{"line":214,"column":8}}]},"14":{"line":222,"type":"if","locations":[{"start":{"line":222,"column":8},"end":{"line":222,"column":8}},{"start":{"line":222,"column":8},"end":{"line":222,"column":8}}]},"15":{"line":250,"type":"if","locations":[{"start":{"line":250,"column":61},"end":{"line":250,"column":61}},{"start":{"line":250,"column":61},"end":{"line":250,"column":61}}]},"16":{"line":250,"type":"if","locations":[{"start":{"line":250,"column":74},"end":{"line":250,"column":74}},{"start":{"line":250,"column":74},"end":{"line":250,"column":74}}]},"17":{"line":253,"type":"if","locations":[{"start":{"line":253,"column":8},"end":{"line":253,"column":8}},{"start":{"line":253,"column":8},"end":{"line":253,"column":8}}]},"18":{"line":254,"type":"if","locations":[{"start":{"line":254,"column":8},"end":{"line":254,"column":8}},{"start":{"line":254,"column":8},"end":{"line":254,"column":8}}]},"19":{"line":257,"type":"if","locations":[{"start":{"line":257,"column":8},"end":{"line":257,"column":8}},{"start":{"line":257,"column":8},"end":{"line":257,"column":8}}]},"20":{"line":266,"type":"if","locations":[{"start":{"line":266,"column":59},"end":{"line":266,"column":59}},{"start":{"line":266,"column":59},"end":{"line":266,"column":59}}]},"21":{"line":266,"type":"if","locations":[{"start":{"line":266,"column":72},"end":{"line":266,"column":72}},{"start":{"line":266,"column":72},"end":{"line":266,"column":72}}]},"22":{"line":269,"type":"if","locations":[{"start":{"line":269,"column":8},"end":{"line":269,"column":8}},{"start":{"line":269,"column":8},"end":{"line":269,"column":8}}]},"23":{"line":270,"type":"if","locations":[{"start":{"line":270,"column":8},"end":{"line":270,"column":8}},{"start":{"line":270,"column":8},"end":{"line":270,"column":8}}]},"24":{"line":271,"type":"if","locations":[{"start":{"line":271,"column":8},"end":{"line":271,"column":8}},{"start":{"line":271,"column":8},"end":{"line":271,"column":8}}]},"25":{"line":272,"type":"if","locations":[{"start":{"line":272,"column":8},"end":{"line":272,"column":8}},{"start":{"line":272,"column":8},"end":{"line":272,"column":8}}]},"26":{"line":276,"type":"if","locations":[{"start":{"line":276,"column":8},"end":{"line":276,"column":8}},{"start":{"line":276,"column":8},"end":{"line":276,"column":8}}]},"27":{"line":305,"type":"if","locations":[{"start":{"line":305,"column":8},"end":{"line":305,"column":8}},{"start":{"line":305,"column":8},"end":{"line":305,"column":8}}]},"28":{"line":316,"type":"if","locations":[{"start":{"line":316,"column":8},"end":{"line":316,"column":8}},{"start":{"line":316,"column":8},"end":{"line":316,"column":8}}]},"29":{"line":344,"type":"if","locations":[{"start":{"line":344,"column":8},"end":{"line":344,"column":8}},{"start":{"line":344,"column":8},"end":{"line":344,"column":8}}]},"30":{"line":348,"type":"if","locations":[{"start":{"line":348,"column":8},"end":{"line":348,"column":8}},{"start":{"line":348,"column":8},"end":{"line":348,"column":8}}]},"31":{"line":350,"type":"if","locations":[{"start":{"line":350,"column":12},"end":{"line":350,"column":12}},{"start":{"line":350,"column":12},"end":{"line":350,"column":12}}]},"32":{"line":351,"type":"if","locations":[{"start":{"line":351,"column":12},"end":{"line":351,"column":12}},{"start":{"line":351,"column":12},"end":{"line":351,"column":12}}]},"33":{"line":360,"type":"if","locations":[{"start":{"line":360,"column":8},"end":{"line":360,"column":8}},{"start":{"line":360,"column":8},"end":{"line":360,"column":8}}]},"34":{"line":361,"type":"if","locations":[{"start":{"line":361,"column":29},"end":{"line":361,"column":44}},{"start":{"line":361,"column":48},"end":{"line":361,"column":55}}]},"35":{"line":364,"type":"if","locations":[{"start":{"line":364,"column":8},"end":{"line":364,"column":8}},{"start":{"line":364,"column":8},"end":{"line":364,"column":8}}]},"36":{"line":365,"type":"if","locations":[{"start":{"line":365,"column":29},"end":{"line":365,"column":45}},{"start":{"line":365,"column":49},"end":{"line":365,"column":57}}]},"37":{"line":377,"type":"if","locations":[{"start":{"line":377,"column":8},"end":{"line":377,"column":8}},{"start":{"line":377,"column":8},"end":{"line":377,"column":8}}]},"38":{"line":395,"type":"if","locations":[{"start":{"line":395,"column":8},"end":{"line":395,"column":8}},{"start":{"line":395,"column":8},"end":{"line":395,"column":8}}]},"39":{"line":402,"type":"if","locations":[{"start":{"line":402,"column":8},"end":{"line":402,"column":8}},{"start":{"line":402,"column":8},"end":{"line":402,"column":8}}]},"40":{"line":408,"type":"if","locations":[{"start":{"line":408,"column":8},"end":{"line":408,"column":8}},{"start":{"line":408,"column":8},"end":{"line":408,"column":8}}]},"41":{"line":410,"type":"if","locations":[{"start":{"line":410,"column":15},"end":{"line":410,"column":15}},{"start":{"line":410,"column":15},"end":{"line":410,"column":15}}]},"42":{"line":412,"type":"if","locations":[{"start":{"line":412,"column":15},"end":{"line":412,"column":15}},{"start":{"line":412,"column":15},"end":{"line":412,"column":15}}]},"43":{"line":427,"type":"if","locations":[{"start":{"line":427,"column":8},"end":{"line":427,"column":8}},{"start":{"line":427,"column":8},"end":{"line":427,"column":8}}]},"44":{"line":427,"type":"cond-expr","locations":[{"start":{"line":427,"column":12},"end":{"line":427,"column":35}},{"start":{"line":427,"column":40},"end":{"line":427,"column":64}}]},"45":{"line":504,"type":"if","locations":[{"start":{"line":504,"column":8},"end":{"line":504,"column":8}},{"start":{"line":504,"column":8},"end":{"line":504,"column":8}}]},"46":{"line":505,"type":"if","locations":[{"start":{"line":505,"column":8},"end":{"line":505,"column":8}},{"start":{"line":505,"column":8},"end":{"line":505,"column":8}}]},"47":{"line":506,"type":"if","locations":[{"start":{"line":506,"column":8},"end":{"line":506,"column":8}},{"start":{"line":506,"column":8},"end":{"line":506,"column":8}}]},"48":{"line":507,"type":"if","locations":[{"start":{"line":507,"column":8},"end":{"line":507,"column":8}},{"start":{"line":507,"column":8},"end":{"line":507,"column":8}}]},"49":{"line":517,"type":"if","locations":[{"start":{"line":517,"column":8},"end":{"line":517,"column":8}},{"start":{"line":517,"column":8},"end":{"line":517,"column":8}}]},"50":{"line":518,"type":"if","locations":[{"start":{"line":518,"column":8},"end":{"line":518,"column":8}},{"start":{"line":518,"column":8},"end":{"line":518,"column":8}}]},"51":{"line":519,"type":"if","locations":[{"start":{"line":519,"column":8},"end":{"line":519,"column":8}},{"start":{"line":519,"column":8},"end":{"line":519,"column":8}}]},"52":{"line":520,"type":"if","locations":[{"start":{"line":520,"column":8},"end":{"line":520,"column":8}},{"start":{"line":520,"column":8},"end":{"line":520,"column":8}}]},"53":{"line":530,"type":"if","locations":[{"start":{"line":530,"column":8},"end":{"line":530,"column":8}},{"start":{"line":530,"column":8},"end":{"line":530,"column":8}}]},"54":{"line":531,"type":"if","locations":[{"start":{"line":531,"column":8},"end":{"line":531,"column":8}},{"start":{"line":531,"column":8},"end":{"line":531,"column":8}}]},"55":{"line":532,"type":"if","locations":[{"start":{"line":532,"column":8},"end":{"line":532,"column":8}},{"start":{"line":532,"column":8},"end":{"line":532,"column":8}}]},"56":{"line":533,"type":"if","locations":[{"start":{"line":533,"column":8},"end":{"line":533,"column":8}},{"start":{"line":533,"column":8},"end":{"line":533,"column":8}}]},"57":{"line":566,"type":"if","locations":[{"start":{"line":566,"column":8},"end":{"line":566,"column":8}},{"start":{"line":566,"column":8},"end":{"line":566,"column":8}}]},"58":{"line":567,"type":"if","locations":[{"start":{"line":567,"column":8},"end":{"line":567,"column":8}},{"start":{"line":567,"column":8},"end":{"line":567,"column":8}}]},"59":{"line":612,"type":"if","locations":[{"start":{"line":612,"column":15},"end":{"line":612,"column":15}},{"start":{"line":612,"column":15},"end":{"line":612,"column":15}}]},"60":{"line":613,"type":"if","locations":[{"start":{"line":613,"column":8},"end":{"line":613,"column":8}},{"start":{"line":613,"column":8},"end":{"line":613,"column":8}}]},"61":{"line":622,"type":"if","locations":[{"start":{"line":622,"column":56},"end":{"line":622,"column":56}},{"start":{"line":622,"column":56},"end":{"line":622,"column":56}}]},"62":{"line":623,"type":"if","locations":[{"start":{"line":623,"column":8},"end":{"line":623,"column":8}},{"start":{"line":623,"column":8},"end":{"line":623,"column":8}}]},"63":{"line":626,"type":"if","locations":[{"start":{"line":626,"column":8},"end":{"line":626,"column":8}},{"start":{"line":626,"column":8},"end":{"line":626,"column":8}}]},"64":{"line":634,"type":"if","locations":[{"start":{"line":634,"column":30},"end":{"line":634,"column":30}},{"start":{"line":634,"column":30},"end":{"line":634,"column":30}}]},"65":{"line":641,"type":"if","locations":[{"start":{"line":641,"column":32},"end":{"line":641,"column":32}},{"start":{"line":641,"column":32},"end":{"line":641,"column":32}}]}}},"contracts\\core\\VelirionToken.sol":{"l":{"36":435,"51":14,"52":13,"53":12,"55":11,"56":11,"58":11,"60":11,"69":3,"70":2,"72":2,"74":2,"82":5,"83":5,"91":2,"92":2,"101":2,"114":751},"path":"E:\\Charanos\\Documents\\Andishi Software LTD\\Docs\\Clients\\velirion-sc\\contracts\\core\\VelirionToken.sol","s":{"1":435,"2":14,"3":13,"4":12,"5":11,"6":11,"7":3,"8":2,"9":2,"10":2,"11":5,"12":5,"13":2,"14":2,"15":2,"16":751},"b":{"1":[14,1],"2":[13,1],"3":[12,1],"4":[11,1],"5":[3,1],"6":[2,1],"7":[2,0],"8":[5,1],"9":[2,1],"10":[751,2]},"f":{"1":435,"2":14,"3":3,"4":5,"5":2,"6":2,"7":751},"fnMap":{"1":{"name":"constructor","line":35,"loc":{"start":{"line":35,"column":4},"end":{"line":37,"column":4}}},"2":{"name":"allocate","line":50,"loc":{"start":{"line":46,"column":4},"end":{"line":61,"column":4}}},"3":{"name":"burnUnsold","line":68,"loc":{"start":{"line":68,"column":4},"end":{"line":75,"column":4}}},"4":{"name":"pause","line":81,"loc":{"start":{"line":81,"column":4},"end":{"line":84,"column":4}}},"5":{"name":"unpause","line":90,"loc":{"start":{"line":90,"column":4},"end":{"line":93,"column":4}}},"6":{"name":"getAllocation","line":100,"loc":{"start":{"line":100,"column":4},"end":{"line":102,"column":4}}},"7":{"name":"_update","line":113,"loc":{"start":{"line":109,"column":4},"end":{"line":115,"column":4}}}},"statementMap":{"1":{"start":{"line":36,"column":8},"end":{"line":36,"column":40}},"2":{"start":{"line":51,"column":8},"end":{"line":51,"column":83}},"3":{"start":{"line":52,"column":8},"end":{"line":52,"column":77}},"4":{"start":{"line":53,"column":8},"end":{"line":53,"column":83}},"5":{"start":{"line":58,"column":8},"end":{"line":58,"column":44}},"6":{"start":{"line":60,"column":8},"end":{"line":60,"column":57}},"7":{"start":{"line":69,"column":8},"end":{"line":69,"column":77}},"8":{"start":{"line":70,"column":8},"end":{"line":70,"column":91}},"9":{"start":{"line":72,"column":8},"end":{"line":72,"column":29}},"10":{"start":{"line":74,"column":8},"end":{"line":74,"column":39}},"11":{"start":{"line":82,"column":8},"end":{"line":82,"column":15}},"12":{"start":{"line":83,"column":8},"end":{"line":83,"column":39}},"13":{"start":{"line":91,"column":8},"end":{"line":91,"column":17}},"14":{"start":{"line":92,"column":8},"end":{"line":92,"column":41}},"15":{"start":{"line":101,"column":8},"end":{"line":101,"column":43}},"16":{"start":{"line":114,"column":8},"end":{"line":114,"column":38}}},"branchMap":{"1":{"line":50,"type":"if","locations":[{"start":{"line":50,"column":15},"end":{"line":50,"column":15}},{"start":{"line":50,"column":15},"end":{"line":50,"column":15}}]},"2":{"line":51,"type":"if","locations":[{"start":{"line":51,"column":8},"end":{"line":51,"column":8}},{"start":{"line":51,"column":8},"end":{"line":51,"column":8}}]},"3":{"line":52,"type":"if","locations":[{"start":{"line":52,"column":8},"end":{"line":52,"column":8}},{"start":{"line":52,"column":8},"end":{"line":52,"column":8}}]},"4":{"line":53,"type":"if","locations":[{"start":{"line":53,"column":8},"end":{"line":53,"column":8}},{"start":{"line":53,"column":8},"end":{"line":53,"column":8}}]},"5":{"line":68,"type":"if","locations":[{"start":{"line":68,"column":49},"end":{"line":68,"column":49}},{"start":{"line":68,"column":49},"end":{"line":68,"column":49}}]},"6":{"line":69,"type":"if","locations":[{"start":{"line":69,"column":8},"end":{"line":69,"column":8}},{"start":{"line":69,"column":8},"end":{"line":69,"column":8}}]},"7":{"line":70,"type":"if","locations":[{"start":{"line":70,"column":8},"end":{"line":70,"column":8}},{"start":{"line":70,"column":8},"end":{"line":70,"column":8}}]},"8":{"line":81,"type":"if","locations":[{"start":{"line":81,"column":30},"end":{"line":81,"column":30}},{"start":{"line":81,"column":30},"end":{"line":81,"column":30}}]},"9":{"line":90,"type":"if","locations":[{"start":{"line":90,"column":32},"end":{"line":90,"column":32}},{"start":{"line":90,"column":32},"end":{"line":90,"column":32}}]},"10":{"line":113,"type":"if","locations":[{"start":{"line":113,"column":24},"end":{"line":113,"column":24}},{"start":{"line":113,"column":24},"end":{"line":113,"column":24}}]}}},"contracts\\Counter.sol":{"l":{"10":0,"11":0,"15":0,"16":0,"17":0},"path":"E:\\Charanos\\Documents\\Andishi Software LTD\\Docs\\Clients\\velirion-sc\\contracts\\Counter.sol","s":{"1":0,"2":0,"3":0},"b":{"1":[0,0]},"f":{"1":0,"2":0},"fnMap":{"1":{"name":"inc","line":9,"loc":{"start":{"line":9,"column":2},"end":{"line":12,"column":2}}},"2":{"name":"incBy","line":14,"loc":{"start":{"line":14,"column":2},"end":{"line":18,"column":2}}}},"statementMap":{"1":{"start":{"line":11,"column":4},"end":{"line":11,"column":21}},"2":{"start":{"line":15,"column":4},"end":{"line":15,"column":57}},"3":{"start":{"line":17,"column":4},"end":{"line":17,"column":22}}},"branchMap":{"1":{"line":15,"type":"if","locations":[{"start":{"line":15,"column":4},"end":{"line":15,"column":4}},{"start":{"line":15,"column":4},"end":{"line":15,"column":4}}]}}},"contracts\\interfaces\\IVelirionReferral.sol":{"l":{},"path":"E:\\Charanos\\Documents\\Andishi Software LTD\\Docs\\Clients\\velirion-sc\\contracts\\interfaces\\IVelirionReferral.sol","s":{},"b":{},"f":{},"fnMap":{},"statementMap":{},"branchMap":{}},"contracts\\interfaces\\IVelirionStaking.sol":{"l":{},"path":"E:\\Charanos\\Documents\\Andishi Software LTD\\Docs\\Clients\\velirion-sc\\contracts\\interfaces\\IVelirionStaking.sol","s":{},"b":{},"f":{},"fnMap":{},"statementMap":{},"branchMap":{}},"contracts\\mocks\\MockERC20.sol":{"l":{"19":162,"23":0,"27":108,"31":0},"path":"E:\\Charanos\\Documents\\Andishi Software LTD\\Docs\\Clients\\velirion-sc\\contracts\\mocks\\MockERC20.sol","s":{"1":0,"2":108,"3":0},"b":{},"f":{"1":162,"2":0,"3":108,"4":0},"fnMap":{"1":{"name":"constructor","line":18,"loc":{"start":{"line":14,"column":4},"end":{"line":20,"column":4}}},"2":{"name":"decimals","line":22,"loc":{"start":{"line":22,"column":4},"end":{"line":24,"column":4}}},"3":{"name":"mint","line":26,"loc":{"start":{"line":26,"column":4},"end":{"line":28,"column":4}}},"4":{"name":"burn","line":30,"loc":{"start":{"line":30,"column":4},"end":{"line":32,"column":4}}}},"statementMap":{"1":{"start":{"line":23,"column":8},"end":{"line":23,"column":24}},"2":{"start":{"line":27,"column":8},"end":{"line":27,"column":24}},"3":{"start":{"line":31,"column":8},"end":{"line":31,"column":26}}},"branchMap":{}},"contracts\\presale\\PresaleContractV2.sol":{"l":{"162":81,"163":81,"164":81,"165":81,"167":81,"168":81,"169":81,"170":81,"183":27,"186":27,"189":27,"192":27,"195":27,"198":27,"201":27,"204":27,"207":27,"210":27,"218":23,"219":23,"220":23,"227":0,"234":0,"235":0,"236":0,"237":0,"244":2,"247":2,"248":2,"249":2,"252":2,"253":2,"255":2,"257":2,"260":2,"261":2,"268":0,"269":0,"270":0,"277":1,"278":1,"279":1,"280":1,"281":1,"285":0,"286":0,"287":0,"288":0,"292":0,"293":0,"294":0,"295":0,"299":2,"302":0,"316":30,"318":30,"319":30,"326":27,"343":1,"345":1,"346":1,"348":1,"355":1,"372":1,"374":1,"375":1,"377":1,"384":1,"398":2,"400":2,"401":2,"403":2,"404":2,"406":2,"407":2,"409":2,"421":270,"429":270,"433":23,"435":23,"436":23,"437":23,"438":23,"439":23,"441":23,"450":32,"453":32,"454":32,"457":0,"461":32,"462":12,"463":1,"468":31,"471":31,"472":1,"473":30,"474":1,"475":29,"476":0,"479":29,"480":29,"481":29,"482":29,"485":29,"496":29,"499":29,"500":2,"503":29,"507":29,"509":29,"510":29,"511":29,"513":29,"514":29,"515":29,"516":29,"524":2,"525":2,"527":2,"529":2,"530":2,"532":2,"533":2,"534":2,"537":2,"538":2,"539":2,"541":2,"542":2,"546":5,"547":5,"549":5,"551":5,"553":5,"554":2,"557":5,"558":1,"561":5,"566":2,"574":0,"580":30,"586":0,"587":0,"593":1,"594":1,"595":1,"601":3,"607":5,"611":3,"617":1,"621":0,"622":0,"629":0,"630":0,"631":0,"633":0,"639":1,"641":1,"642":1,"644":1,"652":0,"656":1,"657":1,"658":1,"659":1,"660":3,"661":3,"663":1,"664":1,"665":3,"666":3,"667":3,"669":1,"673":0},"path":"E:\\Charanos\\Documents\\Andishi Software LTD\\Docs\\Clients\\velirion-sc\\contracts\\presale\\PresaleContractV2.sol","s":{"1":81,"2":81,"3":81,"4":81,"5":27,"6":27,"7":27,"8":27,"9":27,"10":27,"11":27,"12":27,"13":27,"14":27,"15":23,"16":23,"17":0,"18":0,"19":0,"20":2,"21":2,"22":2,"23":2,"24":2,"25":2,"26":2,"27":2,"28":0,"29":0,"30":1,"31":1,"32":1,"33":1,"34":1,"35":0,"36":0,"37":0,"38":0,"39":0,"40":0,"41":0,"42":0,"43":2,"44":0,"45":30,"46":30,"47":30,"48":27,"49":1,"50":1,"51":1,"52":1,"53":1,"54":1,"55":1,"56":1,"57":1,"58":1,"59":2,"60":2,"61":2,"62":2,"63":2,"64":2,"65":2,"66":270,"67":23,"68":23,"69":23,"70":32,"71":32,"72":32,"73":32,"74":12,"75":31,"76":31,"77":30,"78":29,"79":29,"80":29,"81":29,"82":2,"83":29,"84":29,"85":29,"86":29,"87":29,"88":2,"89":2,"90":2,"91":2,"92":2,"93":0,"94":2,"95":2,"96":2,"97":5,"98":5,"99":0,"100":5,"101":5,"102":5,"103":5,"104":5,"105":2,"106":0,"107":30,"108":0,"109":0,"110":1,"111":1,"112":1,"113":3,"114":5,"115":3,"116":1,"117":0,"118":0,"119":0,"120":0,"121":0,"122":1,"123":0,"124":1,"125":1,"126":1,"127":0,"128":1,"129":0,"130":1,"131":1,"132":1,"133":1,"134":1,"135":1},"b":{"1":[81,0],"2":[81,0],"3":[81,0],"4":[81,0],"5":[27,0],"6":[23,0],"7":[23,0],"8":[0,0],"9":[0,0],"10":[2,0],"11":[0,2],"12":[2,0],"13":[0,0],"14":[0,0],"15":[1,1],"16":[0,1],"17":[0,1],"18":[0,0],"19":[0,0],"20":[0,0],"21":[0,0],"22":[2,0],"23":[0,0],"24":[31,0],"25":[30,1],"26":[0,30],"27":[1,0],"28":[1,0],"29":[0,1],"30":[1,0],"31":[1,0],"32":[0,1],"33":[2,0],"34":[0,2],"35":[0,2],"36":[0,2],"37":[0,23],"38":[0,32],"39":[0,32],"40":[0,0],"41":[12,20],"42":[1,11],"43":[1,30],"44":[1,29],"45":[0,29],"46":[2,27],"47":[0,2],"48":[0,2],"49":[0,2],"50":[2,0],"51":[0,5],"52":[2,3],"53":[1,4],"54":[0,1],"55":[1,0],"56":[0,1]},"f":{"1":81,"2":27,"3":23,"4":0,"5":0,"6":2,"7":0,"8":1,"9":0,"10":0,"11":2,"12":0,"13":30,"14":1,"15":1,"16":2,"17":270,"18":23,"19":32,"20":29,"21":2,"22":5,"23":2,"24":0,"25":30,"26":0,"27":1,"28":3,"29":5,"30":3,"31":1,"32":0,"33":0,"34":1,"35":1},"fnMap":{"1":{"name":"constructor","line":161,"loc":{"start":{"line":156,"column":4},"end":{"line":171,"column":4}}},"2":{"name":"initializePhases","line":181,"loc":{"start":{"line":181,"column":4},"end":{"line":211,"column":4}}},"3":{"name":"startPresale","line":217,"loc":{"start":{"line":217,"column":4},"end":{"line":221,"column":4}}},"4":{"name":"startPhase","line":226,"loc":{"start":{"line":226,"column":4},"end":{"line":228,"column":4}}},"5":{"name":"endCurrentPhase","line":233,"loc":{"start":{"line":233,"column":4},"end":{"line":238,"column":4}}},"6":{"name":"finalizePresale","line":243,"loc":{"start":{"line":243,"column":4},"end":{"line":262,"column":4}}},"7":{"name":"setEthUsdPrice","line":267,"loc":{"start":{"line":267,"column":4},"end":{"line":271,"column":4}}},"8":{"name":"withdrawETH","line":276,"loc":{"start":{"line":276,"column":4},"end":{"line":282,"column":4}}},"9":{"name":"withdrawUSDT","line":284,"loc":{"start":{"line":284,"column":4},"end":{"line":289,"column":4}}},"10":{"name":"withdrawUSDC","line":291,"loc":{"start":{"line":291,"column":4},"end":{"line":296,"column":4}}},"11":{"name":"pause","line":298,"loc":{"start":{"line":298,"column":4},"end":{"line":300,"column":4}}},"12":{"name":"unpause","line":301,"loc":{"start":{"line":301,"column":4},"end":{"line":303,"column":4}}},"13":{"name":"buyWithETH","line":315,"loc":{"start":{"line":313,"column":4},"end":{"line":334,"column":4}}},"14":{"name":"buyWithUSDT","line":342,"loc":{"start":{"line":339,"column":4},"end":{"line":363,"column":4}}},"15":{"name":"buyWithUSDC","line":371,"loc":{"start":{"line":368,"column":4},"end":{"line":392,"column":4}}},"16":{"name":"claimTokens","line":397,"loc":{"start":{"line":397,"column":4},"end":{"line":410,"column":4}}},"17":{"name":"_initializePhase","line":416,"loc":{"start":{"line":416,"column":4},"end":{"line":430,"column":4}}},"18":{"name":"_startPhase","line":432,"loc":{"start":{"line":432,"column":4},"end":{"line":442,"column":4}}},"19":{"name":"_processPurchase","line":444,"loc":{"start":{"line":444,"column":4},"end":{"line":504,"column":4}}},"20":{"name":"_setupVesting","line":506,"loc":{"start":{"line":506,"column":4},"end":{"line":517,"column":4}}},"21":{"name":"_processReferral","line":519,"loc":{"start":{"line":519,"column":4},"end":{"line":543,"column":4}}},"22":{"name":"_calculateClaimable","line":545,"loc":{"start":{"line":545,"column":4},"end":{"line":562,"column":4}}},"23":{"name":"_calculateTotalVested","line":564,"loc":{"start":{"line":564,"column":4},"end":{"line":567,"column":4}}},"24":{"name":"getCurrentPhaseInfo","line":573,"loc":{"start":{"line":573,"column":4},"end":{"line":575,"column":4}}},"25":{"name":"getPhaseInfo","line":577,"loc":{"start":{"line":577,"column":4},"end":{"line":581,"column":4}}},"26":{"name":"calculateTokenAmount","line":583,"loc":{"start":{"line":583,"column":4},"end":{"line":588,"column":4}}},"27":{"name":"calculateTokenAmountForETH","line":590,"loc":{"start":{"line":590,"column":4},"end":{"line":596,"column":4}}},"28":{"name":"getUserPurchases","line":598,"loc":{"start":{"line":598,"column":4},"end":{"line":602,"column":4}}},"29":{"name":"getVestingSchedule","line":604,"loc":{"start":{"line":604,"column":4},"end":{"line":608,"column":4}}},"30":{"name":"getClaimableAmount","line":610,"loc":{"start":{"line":610,"column":4},"end":{"line":612,"column":4}}},"31":{"name":"getReferralInfo","line":614,"loc":{"start":{"line":614,"column":4},"end":{"line":618,"column":4}}},"32":{"name":"isPhaseActive","line":620,"loc":{"start":{"line":620,"column":4},"end":{"line":626,"column":4}}},"33":{"name":"getTotalTokensSold","line":628,"loc":{"start":{"line":628,"column":4},"end":{"line":634,"column":4}}},"34":{"name":"canPurchase","line":636,"loc":{"start":{"line":636,"column":4},"end":{"line":653,"column":4}}},"35":{"name":"_toString","line":655,"loc":{"start":{"line":655,"column":4},"end":{"line":670,"column":4}}}},"statementMap":{"1":{"start":{"line":162,"column":8},"end":{"line":162,"column":60}},"2":{"start":{"line":163,"column":8},"end":{"line":163,"column":62}},"3":{"start":{"line":164,"column":8},"end":{"line":164,"column":62}},"4":{"start":{"line":165,"column":8},"end":{"line":165,"column":57}},"5":{"start":{"line":183,"column":8},"end":{"line":183,"column":56}},"6":{"start":{"line":186,"column":8},"end":{"line":186,"column":56}},"7":{"start":{"line":189,"column":8},"end":{"line":189,"column":56}},"8":{"start":{"line":192,"column":8},"end":{"line":192,"column":56}},"9":{"start":{"line":195,"column":8},"end":{"line":195,"column":56}},"10":{"start":{"line":198,"column":8},"end":{"line":198,"column":56}},"11":{"start":{"line":201,"column":8},"end":{"line":201,"column":56}},"12":{"start":{"line":204,"column":8},"end":{"line":204,"column":56}},"13":{"start":{"line":207,"column":8},"end":{"line":207,"column":56}},"14":{"start":{"line":210,"column":8},"end":{"line":210,"column":56}},"15":{"start":{"line":218,"column":8},"end":{"line":218,"column":64}},"16":{"start":{"line":220,"column":8},"end":{"line":220,"column":31}},"17":{"start":{"line":227,"column":8},"end":{"line":227,"column":37}},"18":{"start":{"line":234,"column":8},"end":{"line":234,"column":50}},"19":{"start":{"line":237,"column":8},"end":{"line":237,"column":54}},"20":{"start":{"line":244,"column":8},"end":{"line":244,"column":62}},"21":{"start":{"line":247,"column":8},"end":{"line":247,"column":29}},"22":{"start":{"line":248,"column":8},"end":{"line":248,"column":8745}},"23":{"start":{"line":252,"column":8},"end":{"line":252,"column":67}},"24":{"start":{"line":253,"column":8},"end":{"line":253,"column":72}},"25":{"start":{"line":255,"column":8},"end":{"line":255,"column":8990}},"26":{"start":{"line":257,"column":12},"end":{"line":257,"column":63}},"27":{"start":{"line":261,"column":8},"end":{"line":261,"column":43}},"28":{"start":{"line":268,"column":8},"end":{"line":268,"column":46}},"29":{"start":{"line":270,"column":8},"end":{"line":270,"column":36}},"30":{"start":{"line":277,"column":8},"end":{"line":277,"column":47}},"31":{"start":{"line":278,"column":8},"end":{"line":278,"column":48}},"32":{"start":{"line":279,"column":8},"end":{"line":279,"column":59}},"33":{"start":{"line":280,"column":8},"end":{"line":280,"column":45}},"34":{"start":{"line":281,"column":8},"end":{"line":281,"column":48}},"35":{"start":{"line":285,"column":8},"end":{"line":285,"column":60}},"36":{"start":{"line":286,"column":8},"end":{"line":286,"column":48}},"37":{"start":{"line":287,"column":8},"end":{"line":287,"column":47}},"38":{"start":{"line":288,"column":8},"end":{"line":288,"column":56}},"39":{"start":{"line":292,"column":8},"end":{"line":292,"column":60}},"40":{"start":{"line":293,"column":8},"end":{"line":293,"column":48}},"41":{"start":{"line":294,"column":8},"end":{"line":294,"column":47}},"42":{"start":{"line":295,"column":8},"end":{"line":295,"column":56}},"43":{"start":{"line":299,"column":8},"end":{"line":299,"column":15}},"44":{"start":{"line":302,"column":8},"end":{"line":302,"column":17}},"45":{"start":{"line":316,"column":8},"end":{"line":316,"column":50}},"46":{"start":{"line":318,"column":8},"end":{"line":318,"column":62}},"47":{"start":{"line":319,"column":8},"end":{"line":319,"column":11049}},"48":{"start":{"line":326,"column":8},"end":{"line":326,"column":11200}},"49":{"start":{"line":343,"column":8},"end":{"line":343,"column":47}},"50":{"start":{"line":345,"column":8},"end":{"line":345,"column":44}},"51":{"start":{"line":346,"column":8},"end":{"line":346,"column":68}},"52":{"start":{"line":348,"column":8},"end":{"line":348,"column":11758}},"53":{"start":{"line":355,"column":8},"end":{"line":355,"column":11917}},"54":{"start":{"line":372,"column":8},"end":{"line":372,"column":47}},"55":{"start":{"line":374,"column":8},"end":{"line":374,"column":44}},"56":{"start":{"line":375,"column":8},"end":{"line":375,"column":68}},"57":{"start":{"line":377,"column":8},"end":{"line":377,"column":12480}},"58":{"start":{"line":384,"column":8},"end":{"line":384,"column":12639}},"59":{"start":{"line":398,"column":8},"end":{"line":398,"column":61}},"60":{"start":{"line":400,"column":8},"end":{"line":400,"column":71}},"61":{"start":{"line":401,"column":8},"end":{"line":401,"column":62}},"62":{"start":{"line":403,"column":8},"end":{"line":403,"column":59}},"63":{"start":{"line":404,"column":8},"end":{"line":404,"column":51}},"64":{"start":{"line":407,"column":8},"end":{"line":407,"column":51}},"65":{"start":{"line":409,"column":8},"end":{"line":409,"column":49}},"66":{"start":{"line":429,"column":8},"end":{"line":429,"column":64}},"67":{"start":{"line":433,"column":8},"end":{"line":433,"column":46}},"68":{"start":{"line":435,"column":8},"end":{"line":435,"column":45}},"69":{"start":{"line":441,"column":8},"end":{"line":441,"column":51}},"70":{"start":{"line":450,"column":8},"end":{"line":450,"column":50}},"71":{"start":{"line":453,"column":8},"end":{"line":453,"column":52}},"72":{"start":{"line":454,"column":8},"end":{"line":454,"column":14725}},"73":{"start":{"line":461,"column":8},"end":{"line":461,"column":14911}},"74":{"start":{"line":462,"column":12},"end":{"line":462,"column":14963}},"75":{"start":{"line":468,"column":8},"end":{"line":468,"column":72}},"76":{"start":{"line":471,"column":8},"end":{"line":471,"column":15274}},"77":{"start":{"line":473,"column":8},"end":{"line":473,"column":15363}},"78":{"start":{"line":475,"column":8},"end":{"line":475,"column":15473}},"79":{"start":{"line":485,"column":8},"end":{"line":485,"column":15775}},"80":{"start":{"line":496,"column":8},"end":{"line":496,"column":40}},"81":{"start":{"line":499,"column":8},"end":{"line":499,"column":16159}},"82":{"start":{"line":500,"column":12},"end":{"line":500,"column":57}},"83":{"start":{"line":503,"column":8},"end":{"line":503,"column":26}},"84":{"start":{"line":507,"column":8},"end":{"line":507,"column":65}},"85":{"start":{"line":509,"column":8},"end":{"line":509,"column":65}},"86":{"start":{"line":510,"column":8},"end":{"line":510,"column":72}},"87":{"start":{"line":511,"column":8},"end":{"line":511,"column":64}},"88":{"start":{"line":524,"column":8},"end":{"line":524,"column":55}},"89":{"start":{"line":525,"column":8},"end":{"line":525,"column":60}},"90":{"start":{"line":527,"column":8},"end":{"line":527,"column":79}},"91":{"start":{"line":529,"column":8},"end":{"line":529,"column":67}},"92":{"start":{"line":530,"column":8},"end":{"line":530,"column":49}},"93":{"start":{"line":530,"column":43},"end":{"line":530,"column":49}},"94":{"start":{"line":532,"column":8},"end":{"line":532,"column":17311}},"95":{"start":{"line":541,"column":8},"end":{"line":541,"column":51}},"96":{"start":{"line":542,"column":8},"end":{"line":542,"column":56}},"97":{"start":{"line":546,"column":8},"end":{"line":546,"column":64}},"98":{"start":{"line":547,"column":8},"end":{"line":547,"column":47}},"99":{"start":{"line":547,"column":39},"end":{"line":547,"column":47}},"100":{"start":{"line":549,"column":8},"end":{"line":549,"column":46}},"101":{"start":{"line":551,"column":8},"end":{"line":551,"column":65}},"102":{"start":{"line":553,"column":8},"end":{"line":553,"column":18078}},"103":{"start":{"line":557,"column":8},"end":{"line":557,"column":18207}},"104":{"start":{"line":561,"column":8},"end":{"line":561,"column":49}},"105":{"start":{"line":566,"column":8},"end":{"line":566,"column":16}},"106":{"start":{"line":574,"column":8},"end":{"line":574,"column":35}},"107":{"start":{"line":580,"column":8},"end":{"line":580,"column":30}},"108":{"start":{"line":586,"column":8},"end":{"line":586,"column":49}},"109":{"start":{"line":587,"column":8},"end":{"line":587,"column":57}},"110":{"start":{"line":593,"column":8},"end":{"line":593,"column":62}},"111":{"start":{"line":594,"column":8},"end":{"line":594,"column":49}},"112":{"start":{"line":595,"column":8},"end":{"line":595,"column":57}},"113":{"start":{"line":601,"column":8},"end":{"line":601,"column":34}},"114":{"start":{"line":607,"column":8},"end":{"line":607,"column":37}},"115":{"start":{"line":611,"column":8},"end":{"line":611,"column":40}},"116":{"start":{"line":617,"column":8},"end":{"line":617,"column":30}},"117":{"start":{"line":621,"column":8},"end":{"line":621,"column":49}},"118":{"start":{"line":622,"column":8},"end":{"line":622,"column":20224}},"119":{"start":{"line":629,"column":8},"end":{"line":629,"column":25}},"120":{"start":{"line":630,"column":8},"end":{"line":630,"column":20431}},"121":{"start":{"line":633,"column":8},"end":{"line":633,"column":20}},"122":{"start":{"line":639,"column":8},"end":{"line":639,"column":58}},"123":{"start":{"line":639,"column":41},"end":{"line":639,"column":58}},"124":{"start":{"line":641,"column":8},"end":{"line":641,"column":20716}},"125":{"start":{"line":642,"column":12},"end":{"line":642,"column":20816}},"126":{"start":{"line":644,"column":12},"end":{"line":644,"column":20906}},"127":{"start":{"line":652,"column":8},"end":{"line":652,"column":25}},"128":{"start":{"line":656,"column":8},"end":{"line":656,"column":34}},"129":{"start":{"line":656,"column":24},"end":{"line":656,"column":34}},"130":{"start":{"line":657,"column":8},"end":{"line":657,"column":28}},"131":{"start":{"line":658,"column":8},"end":{"line":658,"column":22}},"132":{"start":{"line":659,"column":8},"end":{"line":659,"column":21290}},"133":{"start":{"line":663,"column":8},"end":{"line":663,"column":47}},"134":{"start":{"line":664,"column":8},"end":{"line":664,"column":21423}},"135":{"start":{"line":669,"column":8},"end":{"line":669,"column":29}}},"branchMap":{"1":{"line":162,"type":"if","locations":[{"start":{"line":162,"column":8},"end":{"line":162,"column":8}},{"start":{"line":162,"column":8},"end":{"line":162,"column":8}}]},"2":{"line":163,"type":"if","locations":[{"start":{"line":163,"column":8},"end":{"line":163,"column":8}},{"start":{"line":163,"column":8},"end":{"line":163,"column":8}}]},"3":{"line":164,"type":"if","locations":[{"start":{"line":164,"column":8},"end":{"line":164,"column":8}},{"start":{"line":164,"column":8},"end":{"line":164,"column":8}}]},"4":{"line":165,"type":"if","locations":[{"start":{"line":165,"column":8},"end":{"line":165,"column":8}},{"start":{"line":165,"column":8},"end":{"line":165,"column":8}}]},"5":{"line":181,"type":"if","locations":[{"start":{"line":181,"column":41},"end":{"line":181,"column":41}},{"start":{"line":181,"column":41},"end":{"line":181,"column":41}}]},"6":{"line":217,"type":"if","locations":[{"start":{"line":217,"column":53},"end":{"line":217,"column":53}},{"start":{"line":217,"column":53},"end":{"line":217,"column":53}}]},"7":{"line":218,"type":"if","locations":[{"start":{"line":218,"column":8},"end":{"line":218,"column":8}},{"start":{"line":218,"column":8},"end":{"line":218,"column":8}}]},"8":{"line":226,"type":"if","locations":[{"start":{"line":226,"column":68},"end":{"line":226,"column":68}},{"start":{"line":226,"column":68},"end":{"line":226,"column":68}}]},"9":{"line":233,"type":"if","locations":[{"start":{"line":233,"column":40},"end":{"line":233,"column":40}},{"start":{"line":233,"column":40},"end":{"line":233,"column":40}}]},"10":{"line":243,"type":"if","locations":[{"start":{"line":243,"column":40},"end":{"line":243,"column":40}},{"start":{"line":243,"column":40},"end":{"line":243,"column":40}}]},"11":{"line":244,"type":"if","locations":[{"start":{"line":244,"column":8},"end":{"line":244,"column":8}},{"start":{"line":244,"column":8},"end":{"line":244,"column":8}}]},"12":{"line":255,"type":"if","locations":[{"start":{"line":255,"column":8},"end":{"line":255,"column":8}},{"start":{"line":255,"column":8},"end":{"line":255,"column":8}}]},"13":{"line":267,"type":"if","locations":[{"start":{"line":267,"column":53},"end":{"line":267,"column":53}},{"start":{"line":267,"column":53},"end":{"line":267,"column":53}}]},"14":{"line":268,"type":"if","locations":[{"start":{"line":268,"column":8},"end":{"line":268,"column":8}},{"start":{"line":268,"column":8},"end":{"line":268,"column":8}}]},"15":{"line":276,"type":"if","locations":[{"start":{"line":276,"column":36},"end":{"line":276,"column":36}},{"start":{"line":276,"column":36},"end":{"line":276,"column":36}}]},"16":{"line":278,"type":"if","locations":[{"start":{"line":278,"column":8},"end":{"line":278,"column":8}},{"start":{"line":278,"column":8},"end":{"line":278,"column":8}}]},"17":{"line":280,"type":"if","locations":[{"start":{"line":280,"column":8},"end":{"line":280,"column":8}},{"start":{"line":280,"column":8},"end":{"line":280,"column":8}}]},"18":{"line":284,"type":"if","locations":[{"start":{"line":284,"column":37},"end":{"line":284,"column":37}},{"start":{"line":284,"column":37},"end":{"line":284,"column":37}}]},"19":{"line":286,"type":"if","locations":[{"start":{"line":286,"column":8},"end":{"line":286,"column":8}},{"start":{"line":286,"column":8},"end":{"line":286,"column":8}}]},"20":{"line":291,"type":"if","locations":[{"start":{"line":291,"column":37},"end":{"line":291,"column":37}},{"start":{"line":291,"column":37},"end":{"line":291,"column":37}}]},"21":{"line":293,"type":"if","locations":[{"start":{"line":293,"column":8},"end":{"line":293,"column":8}},{"start":{"line":293,"column":8},"end":{"line":293,"column":8}}]},"22":{"line":298,"type":"if","locations":[{"start":{"line":298,"column":30},"end":{"line":298,"column":30}},{"start":{"line":298,"column":30},"end":{"line":298,"column":30}}]},"23":{"line":301,"type":"if","locations":[{"start":{"line":301,"column":32},"end":{"line":301,"column":32}},{"start":{"line":301,"column":32},"end":{"line":301,"column":32}}]},"24":{"line":315,"type":"if","locations":[{"start":{"line":315,"column":23},"end":{"line":315,"column":23}},{"start":{"line":315,"column":23},"end":{"line":315,"column":23}}]},"25":{"line":315,"type":"if","locations":[{"start":{"line":315,"column":36},"end":{"line":315,"column":36}},{"start":{"line":315,"column":36},"end":{"line":315,"column":36}}]},"26":{"line":316,"type":"if","locations":[{"start":{"line":316,"column":8},"end":{"line":316,"column":8}},{"start":{"line":316,"column":8},"end":{"line":316,"column":8}}]},"27":{"line":342,"type":"if","locations":[{"start":{"line":342,"column":15},"end":{"line":342,"column":15}},{"start":{"line":342,"column":15},"end":{"line":342,"column":15}}]},"28":{"line":342,"type":"if","locations":[{"start":{"line":342,"column":28},"end":{"line":342,"column":28}},{"start":{"line":342,"column":28},"end":{"line":342,"column":28}}]},"29":{"line":343,"type":"if","locations":[{"start":{"line":343,"column":8},"end":{"line":343,"column":8}},{"start":{"line":343,"column":8},"end":{"line":343,"column":8}}]},"30":{"line":371,"type":"if","locations":[{"start":{"line":371,"column":15},"end":{"line":371,"column":15}},{"start":{"line":371,"column":15},"end":{"line":371,"column":15}}]},"31":{"line":371,"type":"if","locations":[{"start":{"line":371,"column":28},"end":{"line":371,"column":28}},{"start":{"line":371,"column":28},"end":{"line":371,"column":28}}]},"32":{"line":372,"type":"if","locations":[{"start":{"line":372,"column":8},"end":{"line":372,"column":8}},{"start":{"line":372,"column":8},"end":{"line":372,"column":8}}]},"33":{"line":397,"type":"if","locations":[{"start":{"line":397,"column":36},"end":{"line":397,"column":36}},{"start":{"line":397,"column":36},"end":{"line":397,"column":36}}]},"34":{"line":398,"type":"if","locations":[{"start":{"line":398,"column":8},"end":{"line":398,"column":8}},{"start":{"line":398,"column":8},"end":{"line":398,"column":8}}]},"35":{"line":401,"type":"if","locations":[{"start":{"line":401,"column":8},"end":{"line":401,"column":8}},{"start":{"line":401,"column":8},"end":{"line":401,"column":8}}]},"36":{"line":404,"type":"if","locations":[{"start":{"line":404,"column":8},"end":{"line":404,"column":8}},{"start":{"line":404,"column":8},"end":{"line":404,"column":8}}]},"37":{"line":433,"type":"if","locations":[{"start":{"line":433,"column":8},"end":{"line":433,"column":8}},{"start":{"line":433,"column":8},"end":{"line":433,"column":8}}]},"38":{"line":453,"type":"if","locations":[{"start":{"line":453,"column":8},"end":{"line":453,"column":8}},{"start":{"line":453,"column":8},"end":{"line":453,"column":8}}]},"39":{"line":454,"type":"if","locations":[{"start":{"line":454,"column":8},"end":{"line":454,"column":8}},{"start":{"line":454,"column":8},"end":{"line":454,"column":8}}]},"40":{"line":455,"type":"cond-expr","locations":[{"start":{"line":455,"column":12},"end":{"line":455,"column":44}},{"start":{"line":455,"column":49},"end":{"line":455,"column":79}}]},"41":{"line":461,"type":"if","locations":[{"start":{"line":461,"column":8},"end":{"line":461,"column":8}},{"start":{"line":461,"column":8},"end":{"line":461,"column":8}}]},"42":{"line":462,"type":"if","locations":[{"start":{"line":462,"column":12},"end":{"line":462,"column":12}},{"start":{"line":462,"column":12},"end":{"line":462,"column":12}}]},"43":{"line":471,"type":"if","locations":[{"start":{"line":471,"column":8},"end":{"line":471,"column":8}},{"start":{"line":471,"column":8},"end":{"line":471,"column":8}}]},"44":{"line":473,"type":"if","locations":[{"start":{"line":473,"column":8},"end":{"line":473,"column":8}},{"start":{"line":473,"column":8},"end":{"line":473,"column":8}}]},"45":{"line":475,"type":"if","locations":[{"start":{"line":475,"column":8},"end":{"line":475,"column":8}},{"start":{"line":475,"column":8},"end":{"line":475,"column":8}}]},"46":{"line":499,"type":"if","locations":[{"start":{"line":499,"column":8},"end":{"line":499,"column":8}},{"start":{"line":499,"column":8},"end":{"line":499,"column":8}}]},"47":{"line":524,"type":"if","locations":[{"start":{"line":524,"column":8},"end":{"line":524,"column":8}},{"start":{"line":524,"column":8},"end":{"line":524,"column":8}}]},"48":{"line":525,"type":"if","locations":[{"start":{"line":525,"column":8},"end":{"line":525,"column":8}},{"start":{"line":525,"column":8},"end":{"line":525,"column":8}}]},"49":{"line":530,"type":"if","locations":[{"start":{"line":530,"column":8},"end":{"line":530,"column":8}},{"start":{"line":530,"column":8},"end":{"line":530,"column":8}}]},"50":{"line":532,"type":"if","locations":[{"start":{"line":532,"column":8},"end":{"line":532,"column":8}},{"start":{"line":532,"column":8},"end":{"line":532,"column":8}}]},"51":{"line":547,"type":"if","locations":[{"start":{"line":547,"column":8},"end":{"line":547,"column":8}},{"start":{"line":547,"column":8},"end":{"line":547,"column":8}}]},"52":{"line":553,"type":"if","locations":[{"start":{"line":553,"column":8},"end":{"line":553,"column":8}},{"start":{"line":553,"column":8},"end":{"line":553,"column":8}}]},"53":{"line":557,"type":"if","locations":[{"start":{"line":557,"column":8},"end":{"line":557,"column":8}},{"start":{"line":557,"column":8},"end":{"line":557,"column":8}}]},"54":{"line":639,"type":"if","locations":[{"start":{"line":639,"column":8},"end":{"line":639,"column":8}},{"start":{"line":639,"column":8},"end":{"line":639,"column":8}}]},"55":{"line":641,"type":"if","locations":[{"start":{"line":641,"column":8},"end":{"line":641,"column":8}},{"start":{"line":641,"column":8},"end":{"line":641,"column":8}}]},"56":{"line":656,"type":"if","locations":[{"start":{"line":656,"column":8},"end":{"line":656,"column":8}},{"start":{"line":656,"column":8},"end":{"line":656,"column":8}}]}}}}